Using pre-set license
Built from '2020.3/release' branch; Version is '2020.3.15f2 (6cf78cb77498) revision 7141260'; Using compiler version '192528614'; Build Type 'Release'
OS: 'Windows 10 Pro; OS build 19044.2251; Version 2009; 64bit' Language: 'en' Physical Memory: 3995 MB
BatchMode: 1, IsHumanControllingUs: 0, StartBugReporterOnCrash: 0, Is64bit: 1, IsPro: 0

 COMMAND LINE ARGUMENTS:
E:\File ITS\Game Dev\Unity\2020.3.15f2\Editor\Unity.exe
-adb2
-batchMode
-noUpm
-name
AssetImportWorker6
-projectPath
E:/File ITS/Game Dev/MPPL Baajowo/Baajowo
-logFile
Logs/AssetImportWorker6.log
-srvPort
55116
Successfully changed project path to: E:/File ITS/Game Dev/MPPL Baajowo/Baajowo
E:/File ITS/Game Dev/MPPL Baajowo/Baajowo
Using Asset Import Pipeline V2.
Refreshing native plugins compatible for Editor in 92.12 ms, found 3 plugins.
Preloading 0 native plugins for Editor in 0.00 ms.
Initialize engine version: 2020.3.15f2 (6cf78cb77498)
[Subsystems] Discovering subsystems at path E:/File ITS/Game Dev/Unity/2020.3.15f2/Editor/Data/Resources/UnitySubsystems
[Subsystems] Discovering subsystems at path E:/File ITS/Game Dev/MPPL Baajowo/Baajowo/Assets
GfxDevice: creating device client; threaded=0
