Using pre-set license
Built from '2020.3/release' branch; Version is '2020.3.15f2 (6cf78cb77498) revision 7141260'; Using compiler version '192528614'; Build Type 'Release'
OS: 'Windows 10 Pro; OS build 19044.2251; Version 2009; 64bit' Language: 'en' Physical Memory: 3995 MB
BatchMode: 1, IsHumanControllingUs: 0, StartBugReporterOnCrash: 0, Is64bit: 1, IsPro: 0

 COMMAND LINE ARGUMENTS:
E:\File ITS\Game Dev\Unity\2020.3.15f2\Editor\Unity.exe
-adb2
-batchMode
-noUpm
-name
AssetImportWorker68
-projectPath
E:/File ITS/Game Dev/MPPL Baajowo/Baajowo
-logFile
Logs/AssetImportWorker68.log
-srvPort
55116
Successfully changed project path to: E:/File ITS/Game Dev/MPPL Baajowo/Baajowo
E:/File ITS/Game Dev/MPPL Baajowo/Baajowo
Using Asset Import Pipeline V2.
Refreshing native plugins compatible for Editor in 97.84 ms, found 3 plugins.
Preloading 0 native plugins for Editor in 0.00 ms.
Initialize engine version: 2020.3.15f2 (6cf78cb77498)
[Subsystems] Discovering subsystems at path E:/File ITS/Game Dev/Unity/2020.3.15f2/Editor/Data/Resources/UnitySubsystems
[Subsystems] Discovering subsystems at path E:/File ITS/Game Dev/MPPL Baajowo/Baajowo/Assets
GfxDevice: creating device client; threaded=0
Direct3D:
    Version:  Direct3D 11.0 [level 11.0]
    Renderer: NVIDIA GeForce 930M (ID=0x1346)
    Vendor:   
    VRAM:     2010 MB
    Driver:   30.0.14.9649
Initialize mono
Mono path[0] = 'E:/File ITS/Game Dev/Unity/2020.3.15f2/Editor/Data/Managed'
Mono path[1] = 'E:/File ITS/Game Dev/Unity/2020.3.15f2/Editor/Data/MonoBleedingEdge/lib/mono/unityjit'
Mono config path = 'E:/File ITS/Game Dev/Unity/2020.3.15f2/Editor/Data/MonoBleedingEdge/etc'
Using monoOptions --debugger-agent=transport=dt_socket,embedding=1,server=y,suspend=n,address=127.0.0.1:56288
Begin MonoManager ReloadAssembly
Registering precompiled unity dll's ...
Register platform support module: E:/File ITS/Game Dev/Unity/2020.3.15f2/Editor/Data/PlaybackEngines/WebGLSupport/UnityEditor.WebGL.Extensions.dll
Register platform support module: E:/File ITS/Game Dev/Unity/2020.3.15f2/Editor/Data/PlaybackEngines/WindowsStandaloneSupport/UnityEditor.WindowsStandalone.Extensions.dll
Registered in 0.003771 seconds.
Native extension for WindowsStandalone target not found
Native extension for WebGL target not found
Refreshing native plugins compatible for Editor in 90.68 ms, found 3 plugins.
Preloading 0 native plugins for Editor in 0.00 ms.
Mono: successfully reloaded assembly
- Completed reload, in  3.745 seconds
Domain Reload Profiling:
	ReloadAssembly (3746ms)
		BeginReloadAssembly (200ms)
			ExecutionOrderSort (0ms)
			DisableScriptedObjects (0ms)
			BackupInstance (0ms)
			ReleaseScriptingObjects (0ms)
			CreateAndSetChildDomain (2ms)
		EndReloadAssembly (1243ms)
			LoadAssemblies (194ms)
			RebuildTransferFunctionScriptingTraits (0ms)
			SetupTypeCache (462ms)
			ReleaseScriptCaches (0ms)
			RebuildScriptCaches (68ms)
			SetupLoadedEditorAssemblies (549ms)
				LogAssemblyErrors (0ms)
				InitializePlatformSupportModulesInManaged (9ms)
				SetLoadedEditorAssemblies (1ms)
				RefreshPlugins (91ms)
				BeforeProcessingInitializeOnLoad (21ms)
				ProcessInitializeOnLoadAttributes (343ms)
				ProcessInitializeOnLoadMethodAttributes (85ms)
				AfterProcessingInitializeOnLoad (0ms)
				EditorAssembliesLoaded (0ms)
			ExecutionOrderSort2 (0ms)
			AwakeInstancesAfterBackupRestoration (0ms)
Platform modules already initialized, skipping
Registering precompiled user dll's ...
Registered in 0.011440 seconds.
Begin MonoManager ReloadAssembly
Native extension for WindowsStandalone target not found
Native extension for WebGL target not found
Refreshing native plugins compatible for Editor in 522.03 ms, found 3 plugins.
Preloading 0 native plugins for Editor in 0.00 ms.
Mono: successfully reloaded assembly
- Completed reload, in  8.631 seconds
Domain Reload Profiling:
	ReloadAssembly (8770ms)
		BeginReloadAssembly (675ms)
			ExecutionOrderSort (0ms)
			DisableScriptedObjects (30ms)
			BackupInstance (0ms)
			ReleaseScriptingObjects (0ms)
			CreateAndSetChildDomain (319ms)
		EndReloadAssembly (8003ms)
			LoadAssemblies (241ms)
			RebuildTransferFunctionScriptingTraits (0ms)
			SetupTypeCache (1344ms)
			ReleaseScriptCaches (1ms)
			RebuildScriptCaches (83ms)
			SetupLoadedEditorAssemblies (5996ms)
				LogAssemblyErrors (0ms)
				InitializePlatformSupportModulesInManaged (13ms)
				SetLoadedEditorAssemblies (0ms)
				RefreshPlugins (522ms)
				BeforeProcessingInitializeOnLoad (210ms)
				ProcessInitializeOnLoadAttributes (4596ms)
				ProcessInitializeOnLoadMethodAttributes (645ms)
				AfterProcessingInitializeOnLoad (8ms)
				EditorAssembliesLoaded (1ms)
			ExecutionOrderSort2 (0ms)
			AwakeInstancesAfterBackupRestoration (21ms)
Platform modules already initialized, skipping
========================================================================
Worker process is ready to serve import requests
Launched and connected shader compiler UnityShaderCompiler.exe after 1.54 seconds
Refreshing native plugins compatible for Editor in 0.71 ms, found 3 plugins.
Preloading 0 native plugins for Editor in 0.00 ms.
Unloading 2195 Unused Serialized files (Serialized files now loaded: 0)
System memory in use before: 96.1 MB.
System memory in use after: 96.2 MB.

Unloading 41 unused Assets to reduce memory usage. Loaded Objects now: 2620.
Total: 5.055200 ms (FindLiveObjects: 0.512300 ms CreateObjectMapping: 0.115100 ms MarkObjects: 4.313400 ms  DeleteObjects: 0.112200 ms)

AssetImportParameters requested are different than current active one (requested -> active):
  custom:framework-win-MediaFoundation: 216162199b28c13a410421893ffa2e32 -> 
  custom:video-decoder-ogg-theora: a1e56fd34408186e4bbccfd4996cb3dc -> 
  custom:container-muxer-webm: aa71ff27fc2769a1b78a27578f13a17b -> 
  custom:container-demuxer-webm: 4f35f7cbe854078d1ac9338744f61a02 -> 
  custom:container-demuxer-ogg: 62fdf1f143b41e24485cea50d1cbac27 -> 
  custom:video-encoder-webm-vp8: eb34c28f22e8b96e1ab97ce403110664 -> 
  custom:video-codec-MediaFoundation-h265: 746d11721c4dcdbdad8f713fa42b33f4 -> 
  custom:video-decoder-webm-vp8: 9c59270c3fd7afecdb556c50c9e8de78 -> 
  custom:audio-decoder-ogg-vorbis: bf7c407c2cedff20999df2af8eb42d56 -> 
  custom:audio-encoder-webm-vorbis: bf7c407c2cedff20999df2af8eb42d56 -> 
========================================================================
Received Import Request.
  path: Assets/UI Component/Angel.png
  artifactKey: Guid(ac48ddc1538040549bfbbdd588575d6f) Importer(815301076,1909f56bfc062723c751e8b465ee728b)
Start importing Assets/UI Component/Angel.png using Guid(ac48ddc1538040549bfbbdd588575d6f) Importer(815301076,1909f56bfc062723c751e8b465ee728b)  -> (artifact id: 'de5443548a7f21ce941d3177f2f7dd36') in 2.495992 seconds 
  Import took 2.533738 seconds .

========================================================================
Received Import Request.
  Time since last request: 0.000487 seconds.
  path: Assets/UI Component/Difficulty Selection.png
  artifactKey: Guid(7e5ea1ef8672eb74283a14eab5f5cc85) Importer(815301076,1909f56bfc062723c751e8b465ee728b)
Start importing Assets/UI Component/Difficulty Selection.png using Guid(7e5ea1ef8672eb74283a14eab5f5cc85) Importer(815301076,1909f56bfc062723c751e8b465ee728b)  -> (artifact id: '876a1898988ec68f665b7b74f3316951') in 0.309369 seconds 
  Import took 0.339375 seconds .

========================================================================
Received Import Request.
  Time since last request: 0.000583 seconds.
  path: Assets/UI Component/Sedang.png
  artifactKey: Guid(0261c395aeb95764c851248290fac6b1) Importer(815301076,1909f56bfc062723c751e8b465ee728b)
Start importing Assets/UI Component/Sedang.png using Guid(0261c395aeb95764c851248290fac6b1) Importer(815301076,1909f56bfc062723c751e8b465ee728b)  -> (artifact id: 'a2854ad6d607753777fc43964b747d3b') in 0.172126 seconds 
  Import took 0.192951 seconds .

========================================================================
Received Import Request.
  Time since last request: 0.000357 seconds.
  path: Assets/UI Component/Gampang.png
  artifactKey: Guid(a41a595b2adf53a4da55bee34b8480ad) Importer(815301076,1909f56bfc062723c751e8b465ee728b)
Start importing Assets/UI Component/Gampang.png using Guid(a41a595b2adf53a4da55bee34b8480ad) Importer(815301076,1909f56bfc062723c751e8b465ee728b)  -> (artifact id: '1b7db7b02c016c082e1c6f50ffdfa516') in 0.499405 seconds 
  Import took 0.516884 seconds .

========================================================================
Received Import Request.
  Time since last request: 0.000354 seconds.
  path: Assets/Scenes/Home Screen.unity
  artifactKey: Guid(e0e34c37fffef75499d35cc52e9da86b) Importer(815301076,1909f56bfc062723c751e8b465ee728b)
Start importing Assets/Scenes/Home Screen.unity using Guid(e0e34c37fffef75499d35cc52e9da86b) Importer(815301076,1909f56bfc062723c751e8b465ee728b)  -> (artifact id: '4152cc7d88558b7f064fe4421f7d9de6') in 0.057104 seconds 
  Import took 0.078437 seconds .

========================================================================
Received Import Request.
  Time since last request: 0.000388 seconds.
  path: Assets/UI Component/Back Arrow.png
  artifactKey: Guid(1dd81bf5cddf42348a52e05f2409daed) Importer(815301076,1909f56bfc062723c751e8b465ee728b)
Start importing Assets/UI Component/Back Arrow.png using Guid(1dd81bf5cddf42348a52e05f2409daed) Importer(815301076,1909f56bfc062723c751e8b465ee728b)  -> (artifact id: '1e76da9db95d77036f47873c28f5a71c') in 0.161891 seconds 
  Import took 0.169534 seconds .

========================================================================
Received Import Request.
  Time since last request: 0.000336 seconds.
  path: Assets/Scenes/Difficulty.unity
  artifactKey: Guid(d3fe97ffd4480744995ba1fd53604dc8) Importer(815301076,1909f56bfc062723c751e8b465ee728b)
Start importing Assets/Scenes/Difficulty.unity using Guid(d3fe97ffd4480744995ba1fd53604dc8) Importer(815301076,1909f56bfc062723c751e8b465ee728b)  -> (artifact id: '493c50aa2e117366bf17d15b980665d3') in 0.216167 seconds 
  Import took 0.243212 seconds .

========================================================================
Received Import Request.
  Time since last request: 42.969073 seconds.
  path: Assets/Scenes/Difficulty.unity
  artifactKey: Guid(d3fe97ffd4480744995ba1fd53604dc8) Importer(815301076,1909f56bfc062723c751e8b465ee728b)
Start importing Assets/Scenes/Difficulty.unity using Guid(d3fe97ffd4480744995ba1fd53604dc8) Importer(815301076,1909f56bfc062723c751e8b465ee728b)  -> (artifact id: 'a97daae4a3bd7f41d9aa4bcf325a5b67') in 0.006286 seconds 
  Import took 0.039667 seconds .

========================================================================
Received Import Request.
  Time since last request: 546.496157 seconds.
  path: Assets/MainMenu.cs
  artifactKey: Guid(de79eb19cb7580945a36c96392a12edc) Importer(815301076,1909f56bfc062723c751e8b465ee728b)
Start importing Assets/MainMenu.cs using Guid(de79eb19cb7580945a36c96392a12edc) Importer(815301076,1909f56bfc062723c751e8b465ee728b)  -> (artifact id: 'a75e9d7f4402232591d6184200bdb299') in 0.195610 seconds 
  Import took 0.219645 seconds .

========================================================================
Received Import Request.
  Time since last request: 19.055585 seconds.
  path: Packages/com.unity.collab-proxy/Editor/Collaborate/Assets/Icons/added-file-dark.png
  artifactKey: Guid(1a4f52b613391cd449af3ad2e44affeb) Importer(815301076,1909f56bfc062723c751e8b465ee728b)
Start importing Packages/com.unity.collab-proxy/Editor/Collaborate/Assets/Icons/added-file-dark.png using Guid(1a4f52b613391cd449af3ad2e44affeb) Importer(815301076,1909f56bfc062723c751e8b465ee728b)  -> (artifact id: '9572ee1d6db853306d1637de09d9c554') in 1.122164 seconds 
  Import took 1.357269 seconds .

========================================================================
Received Import Request.
  Time since last request: 0.001376 seconds.
  path: Packages/com.unity.collab-proxy/Editor/Collaborate/Assets/Styles/AlertBox.uss
  artifactKey: Guid(85516056fd2579c45b10c08bc3c52a08) Importer(815301076,1909f56bfc062723c751e8b465ee728b)
Start importing Packages/com.unity.collab-proxy/Editor/Collaborate/Assets/Styles/AlertBox.uss using Guid(85516056fd2579c45b10c08bc3c52a08) Importer(815301076,1909f56bfc062723c751e8b465ee728b)  -> (artifact id: '34562d51f3863f5362b5def0d39c0d07') in 0.091628 seconds 
  Import took 0.113182 seconds .

========================================================================
Received Import Request.
  Time since last request: 0.000361 seconds.
  path: Packages/com.unity.collab-proxy/Editor/Collaborate/Assets/Icons/added-file-dark@2x.png
  artifactKey: Guid(c223e0c507e2c6549a2cb97441b62cbe) Importer(815301076,1909f56bfc062723c751e8b465ee728b)
Start importing Packages/com.unity.collab-proxy/Editor/Collaborate/Assets/Icons/added-file-dark@2x.png using Guid(c223e0c507e2c6549a2cb97441b62cbe) Importer(815301076,1909f56bfc062723c751e8b465ee728b)  -> (artifact id: '3767267852a203727e7342269bccdc87') in 0.139540 seconds 
  Import took 0.178114 seconds .

========================================================================
Received Import Request.
  Time since last request: 0.000297 seconds.
  path: Packages/com.unity.collab-proxy/Editor/Collaborate/Assets/Icons/added-file-light@2x.png
  artifactKey: Guid(ec2e3aa6d0ab8ce4eac29b56d65d61d5) Importer(815301076,1909f56bfc062723c751e8b465ee728b)
Start importing Packages/com.unity.collab-proxy/Editor/Collaborate/Assets/Icons/added-file-light@2x.png using Guid(ec2e3aa6d0ab8ce4eac29b56d65d61d5) Importer(815301076,1909f56bfc062723c751e8b465ee728b)  -> (artifact id: 'f14e96fe48648fe1f489bcb940a78bff') in 0.626863 seconds 
  Import took 0.658961 seconds .

========================================================================
Received Import Request.
  Time since last request: 0.000560 seconds.
  path: Packages/com.unity.collab-proxy/Editor/Collaborate/Assets/Layouts/AlertBox.uxml
  artifactKey: Guid(13d7e179675caff4293e8d5c7fb1dda8) Importer(815301076,1909f56bfc062723c751e8b465ee728b)
Start importing Packages/com.unity.collab-proxy/Editor/Collaborate/Assets/Layouts/AlertBox.uxml using Guid(13d7e179675caff4293e8d5c7fb1dda8) Importer(815301076,1909f56bfc062723c751e8b465ee728b)  -> (artifact id: '994a6a8cdaedf155ae275fecb8824a9a') in 0.065672 seconds 
  Import took 0.131921 seconds .

========================================================================
Received Import Request.
  Time since last request: 0.000426 seconds.
  path: Packages/com.unity.collab-proxy/Editor/Collaborate/Assets/Icons/added-file-light.png
  artifactKey: Guid(397fff6c3885f8343bb65714f0064b5d) Importer(815301076,1909f56bfc062723c751e8b465ee728b)
Start importing Packages/com.unity.collab-proxy/Editor/Collaborate/Assets/Icons/added-file-light.png using Guid(397fff6c3885f8343bb65714f0064b5d) Importer(815301076,1909f56bfc062723c751e8b465ee728b)  -> (artifact id: '634331ffd60756262449247826e16088') in 0.502747 seconds 
  Import took 0.534951 seconds .

========================================================================
Received Import Request.
  Time since last request: 56.358784 seconds.
  path: Assets/Scenes/Difficulty.unity
  artifactKey: Guid(d3fe97ffd4480744995ba1fd53604dc8) Importer(815301076,1909f56bfc062723c751e8b465ee728b)
Start importing Assets/Scenes/Difficulty.unity using Guid(d3fe97ffd4480744995ba1fd53604dc8) Importer(815301076,1909f56bfc062723c751e8b465ee728b)  -> (artifact id: '606f0d88ab6394c50d3353e29fd7efab') in 0.016771 seconds 
  Import took 0.096581 seconds .

========================================================================
Received Import Request.
  Time since last request: 124.064590 seconds.
  path: Packages/com.unity.2d.sprite/Editor/ObjectMenuCreation/DefaultAssets/Textures/9-SlicedWithBorder.png
  artifactKey: Guid(cc35afd292fc349128b36a291fb3a165) Importer(815301076,1909f56bfc062723c751e8b465ee728b)
Start importing Packages/com.unity.2d.sprite/Editor/ObjectMenuCreation/DefaultAssets/Textures/9-SlicedWithBorder.png using Guid(cc35afd292fc349128b36a291fb3a165) Importer(815301076,1909f56bfc062723c751e8b465ee728b)  -> (artifact id: 'f03bf952d1f52db12226e47e3e1e8034') in 1.022421 seconds 
  Import took 1.788185 seconds .

========================================================================
Received Import Request.
  Time since last request: 0.000751 seconds.
  path: Packages/com.unity.2d.sprite/Editor/ObjectMenuCreation/DefaultAssets/Textures/9-Sliced.png
  artifactKey: Guid(71ebafeef3c03457483266a33ab2b270) Importer(815301076,1909f56bfc062723c751e8b465ee728b)
Start importing Packages/com.unity.2d.sprite/Editor/ObjectMenuCreation/DefaultAssets/Textures/9-Sliced.png using Guid(71ebafeef3c03457483266a33ab2b270) Importer(815301076,1909f56bfc062723c751e8b465ee728b)  -> (artifact id: 'af1d4892ee4beb0da3dd19246dfa7577') in 0.298000 seconds 
  Import took 0.374224 seconds .

========================================================================
Received Import Request.
  Time since last request: 3.329465 seconds.
  path: Assets/Scenes/Difficulty.unity
  artifactKey: Guid(d3fe97ffd4480744995ba1fd53604dc8) Importer(815301076,1909f56bfc062723c751e8b465ee728b)
Start importing Assets/Scenes/Difficulty.unity using Guid(d3fe97ffd4480744995ba1fd53604dc8) Importer(815301076,1909f56bfc062723c751e8b465ee728b)  -> (artifact id: '18ce62c469201a2939f8b4ece9601ecf') in 0.019321 seconds 
  Import took 0.058787 seconds .

========================================================================
Received Import Request.
  Time since last request: 28.028969 seconds.
  path: Assets/Scenes/Difficulty.unity
  artifactKey: Guid(d3fe97ffd4480744995ba1fd53604dc8) Importer(815301076,1909f56bfc062723c751e8b465ee728b)
Start importing Assets/Scenes/Difficulty.unity using Guid(d3fe97ffd4480744995ba1fd53604dc8) Importer(815301076,1909f56bfc062723c751e8b465ee728b)  -> (artifact id: '5eafe00c3d9268521f2c9d5b29b318cd') in 0.009604 seconds 
  Import took 0.043139 seconds .

========================================================================
Received Import Request.
  Time since last request: 57.369654 seconds.
  path: Packages/com.unity.collab-proxy/Editor/Collaborate/Assets/Layouts/main-window.uxml
  artifactKey: Guid(0fc258eba97959a4bbc9d04f35188e88) Importer(815301076,1909f56bfc062723c751e8b465ee728b)
Start importing Packages/com.unity.collab-proxy/Editor/Collaborate/Assets/Layouts/main-window.uxml using Guid(0fc258eba97959a4bbc9d04f35188e88) Importer(815301076,1909f56bfc062723c751e8b465ee728b)  -> (artifact id: 'aa1511b2a1269fc9e74f71140b6207e5') in 0.159740 seconds 
  Import took 0.202396 seconds .

========================================================================
Received Import Request.
  Time since last request: 0.029724 seconds.
  path: Packages/com.unity.collab-proxy/Editor/Collaborate/Assets/Styles/MainPageView.uss
  artifactKey: Guid(7af1720245a987d4b87094fc00ed8a94) Importer(815301076,1909f56bfc062723c751e8b465ee728b)
Start importing Packages/com.unity.collab-proxy/Editor/Collaborate/Assets/Styles/MainPageView.uss using Guid(7af1720245a987d4b87094fc00ed8a94) Importer(815301076,1909f56bfc062723c751e8b465ee728b)  -> (artifact id: 'b32ce6c2aebf71512fcdfe3acd5c87a3') in 0.501371 seconds 
  Import took 0.520370 seconds .

========================================================================
Received Import Request.
  Time since last request: 0.000319 seconds.
  path: Packages/com.unity.collab-proxy/Editor/Collaborate/Assets/Layouts/MainPageView.uxml
  artifactKey: Guid(ff1bfb51c3ec34c4aaaeb29a0343f1c4) Importer(815301076,1909f56bfc062723c751e8b465ee728b)
Start importing Packages/com.unity.collab-proxy/Editor/Collaborate/Assets/Layouts/MainPageView.uxml using Guid(ff1bfb51c3ec34c4aaaeb29a0343f1c4) Importer(815301076,1909f56bfc062723c751e8b465ee728b)  -> (artifact id: '5a8eae4f43ac0a10cebc41319753e0f8') in 0.022667 seconds 
  Import took 0.060246 seconds .

========================================================================
Received Import Request.
  Time since last request: 5.052267 seconds.
  path: Assets
  artifactKey: Guid(00000000000000001000000000000000) Importer(815301076,1909f56bfc062723c751e8b465ee728b)
Start importing Assets using Guid(00000000000000001000000000000000) Importer(815301076,1909f56bfc062723c751e8b465ee728b)  -> (artifact id: '42d402b061de3733987d63b9cc3b64de') in 0.028652 seconds 
  Import took 0.062210 seconds .

========================================================================
Received Import Request.
  Time since last request: 16.074275 seconds.
  path: Assets/SceneSelection.cs
  artifactKey: Guid(bdd9b54b5f3a1674c984080ced49b20c) Importer(815301076,1909f56bfc062723c751e8b465ee728b)
Start importing Assets/SceneSelection.cs using Guid(bdd9b54b5f3a1674c984080ced49b20c) Importer(815301076,1909f56bfc062723c751e8b465ee728b)  -> (artifact id: 'ec79c96938fec32bdfa05d12fa107a3a') in 0.085041 seconds 
  Import took 0.180489 seconds .

========================================================================
Received Prepare
Registering precompiled user dll's ...
Registered in 0.165106 seconds.
Begin MonoManager ReloadAssembly
Native extension for WindowsStandalone target not found
Native extension for WebGL target not found
Refreshing native plugins compatible for Editor in 1.27 ms, found 3 plugins.
Preloading 0 native plugins for Editor in 0.00 ms.
Mono: successfully reloaded assembly
- Completed reload, in  6.132 seconds
Domain Reload Profiling:
	ReloadAssembly (6133ms)
		BeginReloadAssembly (835ms)
			ExecutionOrderSort (0ms)
			DisableScriptedObjects (18ms)
			BackupInstance (0ms)
			ReleaseScriptingObjects (0ms)
			CreateAndSetChildDomain (656ms)
		EndReloadAssembly (5202ms)
			LoadAssemblies (257ms)
			RebuildTransferFunctionScriptingTraits (0ms)
			SetupTypeCache (1468ms)
			ReleaseScriptCaches (2ms)
			RebuildScriptCaches (116ms)
			SetupLoadedEditorAssemblies (1874ms)
				LogAssemblyErrors (0ms)
				InitializePlatformSupportModulesInManaged (23ms)
				SetLoadedEditorAssemblies (2ms)
				RefreshPlugins (1ms)
				BeforeProcessingInitializeOnLoad (184ms)
				ProcessInitializeOnLoadAttributes (1644ms)
				ProcessInitializeOnLoadMethodAttributes (13ms)
				AfterProcessingInitializeOnLoad (6ms)
				EditorAssembliesLoaded (0ms)
			ExecutionOrderSort2 (0ms)
			AwakeInstancesAfterBackupRestoration (18ms)
Platform modules already initialized, skipping
Switching build target platform(19) subTarget(0) extendedPlatform(0) -> platform(13) subTarget(537395200) extendedPlatform(0)
Refreshing native plugins compatible for Editor in 163.80 ms, found 3 plugins.
Preloading 0 native plugins for Editor in 0.00 ms.
Unloading 2189 Unused Serialized files (Serialized files now loaded: 0)
System memory in use before: 98.6 MB.
System memory in use after: 98.7 MB.

Unloading 29 unused Assets to reduce memory usage. Loaded Objects now: 2639.
Total: 2566.425700 ms (FindLiveObjects: 66.007000 ms CreateObjectMapping: 0.309700 ms MarkObjects: 2434.806900 ms  DeleteObjects: 65.297100 ms)

AssetImportParameters requested are different than current active one (requested -> active):
  custom:framework-win-MediaFoundation: 216162199b28c13a410421893ffa2e32 -> 
  custom:video-decoder-ogg-theora: a1e56fd34408186e4bbccfd4996cb3dc -> 
  custom:container-muxer-webm: aa71ff27fc2769a1b78a27578f13a17b -> 
  custom:container-demuxer-webm: 4f35f7cbe854078d1ac9338744f61a02 -> 
  custom:container-demuxer-ogg: 62fdf1f143b41e24485cea50d1cbac27 -> 
  custom:video-encoder-webm-vp8: eb34c28f22e8b96e1ab97ce403110664 -> 
  custom:video-codec-MediaFoundation-h265: 746d11721c4dcdbdad8f713fa42b33f4 -> 
  custom:video-decoder-webm-vp8: 9c59270c3fd7afecdb556c50c9e8de78 -> 
  custom:graphics/normal-map-encoding: 01000000000000000000000000000000 -> 02000000000000000000000000000000
  custom:audio-decoder-ogg-vorbis: bf7c407c2cedff20999df2af8eb42d56 -> 
  custom:audio-encoder-webm-vorbis: bf7c407c2cedff20999df2af8eb42d56 -> 
========================================================================
Received Prepare
Registering precompiled user dll's ...
Registered in 1.846930 seconds.
Begin MonoManager ReloadAssembly
Native extension for WindowsStandalone target not found
Native extension for WebGL target not found
Refreshing native plugins compatible for Editor in 13.67 ms, found 3 plugins.
Preloading 0 native plugins for Editor in 0.00 ms.
Mono: successfully reloaded assembly
- Completed reload, in 18.530 seconds
Domain Reload Profiling:
	ReloadAssembly (18562ms)
		BeginReloadAssembly (513ms)
			ExecutionOrderSort (0ms)
			DisableScriptedObjects (25ms)
			BackupInstance (0ms)
			ReleaseScriptingObjects (0ms)
			CreateAndSetChildDomain (145ms)
		EndReloadAssembly (17182ms)
			LoadAssemblies (2027ms)
			RebuildTransferFunctionScriptingTraits (0ms)
			SetupTypeCache (7316ms)
			ReleaseScriptCaches (3ms)
			RebuildScriptCaches (220ms)
			SetupLoadedEditorAssemblies (5433ms)
				LogAssemblyErrors (0ms)
				InitializePlatformSupportModulesInManaged (917ms)
				SetLoadedEditorAssemblies (5ms)
				RefreshPlugins (14ms)
				BeforeProcessingInitializeOnLoad (644ms)
				ProcessInitializeOnLoadAttributes (3833ms)
				ProcessInitializeOnLoadMethodAttributes (17ms)
				AfterProcessingInitializeOnLoad (4ms)
				EditorAssembliesLoaded (0ms)
			ExecutionOrderSort2 (0ms)
			AwakeInstancesAfterBackupRestoration (72ms)
Platform modules already initialized, skipping
Switching build target platform(19) subTarget(0) extendedPlatform(0) -> platform(13) subTarget(537395200) extendedPlatform(0)
Refreshing native plugins compatible for Editor in 2.67 ms, found 3 plugins.
Preloading 0 native plugins for Editor in 0.00 ms.
Unloading 2189 Unused Serialized files (Serialized files now loaded: 0)
System memory in use before: 98.6 MB.
System memory in use after: 98.7 MB.

Unloading 29 unused Assets to reduce memory usage. Loaded Objects now: 2643.
Total: 62.958000 ms (FindLiveObjects: 0.590000 ms CreateObjectMapping: 0.298000 ms MarkObjects: 7.607100 ms  DeleteObjects: 54.459600 ms)

AssetImportParameters requested are different than current active one (requested -> active):
  custom:framework-win-MediaFoundation: 216162199b28c13a410421893ffa2e32 -> 
  custom:video-decoder-ogg-theora: a1e56fd34408186e4bbccfd4996cb3dc -> 
  custom:container-muxer-webm: aa71ff27fc2769a1b78a27578f13a17b -> 
  custom:container-demuxer-webm: 4f35f7cbe854078d1ac9338744f61a02 -> 
  custom:container-demuxer-ogg: 62fdf1f143b41e24485cea50d1cbac27 -> 
  custom:video-encoder-webm-vp8: eb34c28f22e8b96e1ab97ce403110664 -> 
  custom:video-codec-MediaFoundation-h265: 746d11721c4dcdbdad8f713fa42b33f4 -> 
  custom:video-decoder-webm-vp8: 9c59270c3fd7afecdb556c50c9e8de78 -> 
  custom:graphics/normal-map-encoding: 01000000000000000000000000000000 -> 02000000000000000000000000000000
  custom:audio-decoder-ogg-vorbis: bf7c407c2cedff20999df2af8eb42d56 -> 
  custom:audio-encoder-webm-vorbis: bf7c407c2cedff20999df2af8eb42d56 -> 
========================================================================
Received Import Request.
  Time since last request: 434.340675 seconds.
  path: Assets/SceneSelection.cs
  artifactKey: Guid(bdd9b54b5f3a1674c984080ced49b20c) Importer(815301076,1909f56bfc062723c751e8b465ee728b)
Start importing Assets/SceneSelection.cs using Guid(bdd9b54b5f3a1674c984080ced49b20c) Importer(815301076,1909f56bfc062723c751e8b465ee728b)  -> (artifact id: '3737de7df02aaa2a633c3b31b7a90574') in 0.145289 seconds 
  Import took 0.263316 seconds .

========================================================================
Received Import Request.
  Time since last request: 154.027085 seconds.
  path: Assets/Scenes/Difficulty.unity
  artifactKey: Guid(d3fe97ffd4480744995ba1fd53604dc8) Importer(815301076,1909f56bfc062723c751e8b465ee728b)
Start importing Assets/Scenes/Difficulty.unity using Guid(d3fe97ffd4480744995ba1fd53604dc8) Importer(815301076,1909f56bfc062723c751e8b465ee728b)  -> (artifact id: '6d7876dddc20326d4258ea982840d419') in 0.593670 seconds 
  Import took 0.660867 seconds .

========================================================================
Received Prepare
Registering precompiled user dll's ...
Registered in 0.004948 seconds.
Begin MonoManager ReloadAssembly
Native extension for WindowsStandalone target not found
Native extension for WebGL target not found
Refreshing native plugins compatible for Editor in 0.83 ms, found 3 plugins.
Preloading 0 native plugins for Editor in 0.00 ms.
Mono: successfully reloaded assembly
- Completed reload, in  3.531 seconds
Domain Reload Profiling:
	ReloadAssembly (3532ms)
		BeginReloadAssembly (176ms)
			ExecutionOrderSort (0ms)
			DisableScriptedObjects (10ms)
			BackupInstance (0ms)
			ReleaseScriptingObjects (0ms)
			CreateAndSetChildDomain (49ms)
		EndReloadAssembly (2981ms)
			LoadAssemblies (178ms)
			RebuildTransferFunctionScriptingTraits (0ms)
			SetupTypeCache (1001ms)
			ReleaseScriptCaches (1ms)
			RebuildScriptCaches (69ms)
			SetupLoadedEditorAssemblies (1548ms)
				LogAssemblyErrors (0ms)
				InitializePlatformSupportModulesInManaged (312ms)
				SetLoadedEditorAssemblies (3ms)
				RefreshPlugins (1ms)
				BeforeProcessingInitializeOnLoad (139ms)
				ProcessInitializeOnLoadAttributes (1079ms)
				ProcessInitializeOnLoadMethodAttributes (9ms)
				AfterProcessingInitializeOnLoad (5ms)
				EditorAssembliesLoaded (0ms)
			ExecutionOrderSort2 (0ms)
			AwakeInstancesAfterBackupRestoration (18ms)
Platform modules already initialized, skipping
Switching build target platform(19) subTarget(0) extendedPlatform(0) -> platform(13) subTarget(537395200) extendedPlatform(0)
Refreshing native plugins compatible for Editor in 0.93 ms, found 3 plugins.
Preloading 0 native plugins for Editor in 0.00 ms.
Unloading 2188 Unused Serialized files (Serialized files now loaded: 0)
System memory in use before: 98.6 MB.
System memory in use after: 98.8 MB.

Unloading 30 unused Assets to reduce memory usage. Loaded Objects now: 2646.
Total: 3.711800 ms (FindLiveObjects: 0.317500 ms CreateObjectMapping: 0.181700 ms MarkObjects: 3.168300 ms  DeleteObjects: 0.042400 ms)

AssetImportParameters requested are different than current active one (requested -> active):
  custom:framework-win-MediaFoundation: 216162199b28c13a410421893ffa2e32 -> 
  custom:video-decoder-ogg-theora: a1e56fd34408186e4bbccfd4996cb3dc -> 
  custom:container-muxer-webm: aa71ff27fc2769a1b78a27578f13a17b -> 
  custom:container-demuxer-webm: 4f35f7cbe854078d1ac9338744f61a02 -> 
  custom:container-demuxer-ogg: 62fdf1f143b41e24485cea50d1cbac27 -> 
  custom:video-encoder-webm-vp8: eb34c28f22e8b96e1ab97ce403110664 -> 
  custom:video-codec-MediaFoundation-h265: 746d11721c4dcdbdad8f713fa42b33f4 -> 
  custom:video-decoder-webm-vp8: 9c59270c3fd7afecdb556c50c9e8de78 -> 
  custom:graphics/normal-map-encoding: 01000000000000000000000000000000 -> 02000000000000000000000000000000
  custom:audio-decoder-ogg-vorbis: bf7c407c2cedff20999df2af8eb42d56 -> 
  custom:audio-encoder-webm-vorbis: bf7c407c2cedff20999df2af8eb42d56 -> 
========================================================================
Received Import Request.
  Time since last request: 287.264436 seconds.
  path: Assets/Scenes/Difficulty.unity
  artifactKey: Guid(d3fe97ffd4480744995ba1fd53604dc8) Importer(815301076,1909f56bfc062723c751e8b465ee728b)
Start importing Assets/Scenes/Difficulty.unity using Guid(d3fe97ffd4480744995ba1fd53604dc8) Importer(815301076,1909f56bfc062723c751e8b465ee728b)  -> (artifact id: 'f85fd2649d10d00d152ce5ea5deed4a0') in 0.033972 seconds 
  Import took 0.079495 seconds .

========================================================================
Received Prepare
Registering precompiled user dll's ...
Registered in 0.005987 seconds.
Begin MonoManager ReloadAssembly
Native extension for WindowsStandalone target not found
Native extension for WebGL target not found
Refreshing native plugins compatible for Editor in 1.23 ms, found 3 plugins.
Preloading 0 native plugins for Editor in 0.00 ms.
Mono: successfully reloaded assembly
- Completed reload, in  3.156 seconds
Domain Reload Profiling:
	ReloadAssembly (3157ms)
		BeginReloadAssembly (176ms)
			ExecutionOrderSort (0ms)
			DisableScriptedObjects (10ms)
			BackupInstance (0ms)
			ReleaseScriptingObjects (0ms)
			CreateAndSetChildDomain (56ms)
		EndReloadAssembly (2744ms)
			LoadAssemblies (186ms)
			RebuildTransferFunctionScriptingTraits (0ms)
			SetupTypeCache (679ms)
			ReleaseScriptCaches (2ms)
			RebuildScriptCaches (184ms)
			SetupLoadedEditorAssemblies (1128ms)
				LogAssemblyErrors (0ms)
				InitializePlatformSupportModulesInManaged (11ms)
				SetLoadedEditorAssemblies (1ms)
				RefreshPlugins (1ms)
				BeforeProcessingInitializeOnLoad (329ms)
				ProcessInitializeOnLoadAttributes (774ms)
				ProcessInitializeOnLoadMethodAttributes (8ms)
				AfterProcessingInitializeOnLoad (4ms)
				EditorAssembliesLoaded (0ms)
			ExecutionOrderSort2 (0ms)
			AwakeInstancesAfterBackupRestoration (15ms)
Platform modules already initialized, skipping
Switching build target platform(19) subTarget(0) extendedPlatform(0) -> platform(13) subTarget(537395200) extendedPlatform(0)
Refreshing native plugins compatible for Editor in 1.42 ms, found 3 plugins.
Preloading 0 native plugins for Editor in 0.00 ms.
Unloading 2188 Unused Serialized files (Serialized files now loaded: 0)
System memory in use before: 98.7 MB.
System memory in use after: 98.8 MB.

Unloading 29 unused Assets to reduce memory usage. Loaded Objects now: 2650.
Total: 3.972800 ms (FindLiveObjects: 0.422500 ms CreateObjectMapping: 0.151800 ms MarkObjects: 3.190800 ms  DeleteObjects: 0.206000 ms)

AssetImportParameters requested are different than current active one (requested -> active):
  custom:framework-win-MediaFoundation: 216162199b28c13a410421893ffa2e32 -> 
  custom:video-decoder-ogg-theora: a1e56fd34408186e4bbccfd4996cb3dc -> 
  custom:container-muxer-webm: aa71ff27fc2769a1b78a27578f13a17b -> 
  custom:container-demuxer-webm: 4f35f7cbe854078d1ac9338744f61a02 -> 
  custom:container-demuxer-ogg: 62fdf1f143b41e24485cea50d1cbac27 -> 
  custom:video-encoder-webm-vp8: eb34c28f22e8b96e1ab97ce403110664 -> 
  custom:video-codec-MediaFoundation-h265: 746d11721c4dcdbdad8f713fa42b33f4 -> 
  custom:video-decoder-webm-vp8: 9c59270c3fd7afecdb556c50c9e8de78 -> 
  custom:graphics/normal-map-encoding: 01000000000000000000000000000000 -> 02000000000000000000000000000000
  custom:audio-decoder-ogg-vorbis: bf7c407c2cedff20999df2af8eb42d56 -> 
  custom:audio-encoder-webm-vorbis: bf7c407c2cedff20999df2af8eb42d56 -> 
========================================================================
Received Prepare
Registering precompiled user dll's ...
Registered in 0.541810 seconds.
Begin MonoManager ReloadAssembly
Native extension for WindowsStandalone target not found
Native extension for WebGL target not found
Refreshing native plugins compatible for Editor in 1.58 ms, found 3 plugins.
Preloading 0 native plugins for Editor in 0.00 ms.
Mono: successfully reloaded assembly
- Completed reload, in  3.650 seconds
Domain Reload Profiling:
	ReloadAssembly (3650ms)
		BeginReloadAssembly (415ms)
			ExecutionOrderSort (0ms)
			DisableScriptedObjects (14ms)
			BackupInstance (0ms)
			ReleaseScriptingObjects (0ms)
			CreateAndSetChildDomain (61ms)
		EndReloadAssembly (3054ms)
			LoadAssemblies (350ms)
			RebuildTransferFunctionScriptingTraits (0ms)
			SetupTypeCache (848ms)
			ReleaseScriptCaches (2ms)
			RebuildScriptCaches (80ms)
			SetupLoadedEditorAssemblies (1488ms)
				LogAssemblyErrors (0ms)
				InitializePlatformSupportModulesInManaged (173ms)
				SetLoadedEditorAssemblies (1ms)
				RefreshPlugins (2ms)
				BeforeProcessingInitializeOnLoad (580ms)
				ProcessInitializeOnLoadAttributes (720ms)
				ProcessInitializeOnLoadMethodAttributes (9ms)
				AfterProcessingInitializeOnLoad (4ms)
				EditorAssembliesLoaded (0ms)
			ExecutionOrderSort2 (0ms)
			AwakeInstancesAfterBackupRestoration (34ms)
Platform modules already initialized, skipping
Script is not up to date after domain reload: guid(0e9eecf716a6be544b7dbbb5f7d428ef) path("Assets/LevelSelector.cs") state(2)
Switching build target platform(19) subTarget(0) extendedPlatform(0) -> platform(13) subTarget(537395200) extendedPlatform(0)
Refreshing native plugins compatible for Editor in 0.86 ms, found 3 plugins.
Preloading 0 native plugins for Editor in 0.00 ms.
Unloading 2188 Unused Serialized files (Serialized files now loaded: 0)
System memory in use before: 98.7 MB.
System memory in use after: 98.8 MB.

Unloading 29 unused Assets to reduce memory usage. Loaded Objects now: 2654.
Total: 99.249500 ms (FindLiveObjects: 1.453700 ms CreateObjectMapping: 0.460100 ms MarkObjects: 6.068200 ms  DeleteObjects: 91.260000 ms)

AssetImportParameters requested are different than current active one (requested -> active):
  custom:framework-win-MediaFoundation: 216162199b28c13a410421893ffa2e32 -> 
  custom:video-decoder-ogg-theora: a1e56fd34408186e4bbccfd4996cb3dc -> 
  custom:container-muxer-webm: aa71ff27fc2769a1b78a27578f13a17b -> 
  custom:container-demuxer-webm: 4f35f7cbe854078d1ac9338744f61a02 -> 
  custom:container-demuxer-ogg: 62fdf1f143b41e24485cea50d1cbac27 -> 
  custom:video-encoder-webm-vp8: eb34c28f22e8b96e1ab97ce403110664 -> 
  custom:video-codec-MediaFoundation-h265: 746d11721c4dcdbdad8f713fa42b33f4 -> 
  custom:video-decoder-webm-vp8: 9c59270c3fd7afecdb556c50c9e8de78 -> 
  custom:graphics/normal-map-encoding: 01000000000000000000000000000000 -> 02000000000000000000000000000000
  custom:audio-decoder-ogg-vorbis: bf7c407c2cedff20999df2af8eb42d56 -> 
  custom:audio-encoder-webm-vorbis: bf7c407c2cedff20999df2af8eb42d56 -> 
========================================================================
Received Prepare
Registering precompiled user dll's ...
Registered in 0.095882 seconds.
Begin MonoManager ReloadAssembly
Native extension for WindowsStandalone target not found
Native extension for WebGL target not found
Refreshing native plugins compatible for Editor in 1.40 ms, found 3 plugins.
Preloading 0 native plugins for Editor in 0.00 ms.
Mono: successfully reloaded assembly
- Completed reload, in  8.744 seconds
Domain Reload Profiling:
	ReloadAssembly (8744ms)
		BeginReloadAssembly (963ms)
			ExecutionOrderSort (0ms)
			DisableScriptedObjects (19ms)
			BackupInstance (0ms)
			ReleaseScriptingObjects (0ms)
			CreateAndSetChildDomain (149ms)
		EndReloadAssembly (7460ms)
			LoadAssemblies (945ms)
			RebuildTransferFunctionScriptingTraits (0ms)
			SetupTypeCache (3527ms)
			ReleaseScriptCaches (1ms)
			RebuildScriptCaches (152ms)
			SetupLoadedEditorAssemblies (2497ms)
				LogAssemblyErrors (0ms)
				InitializePlatformSupportModulesInManaged (36ms)
				SetLoadedEditorAssemblies (12ms)
				RefreshPlugins (2ms)
				BeforeProcessingInitializeOnLoad (499ms)
				ProcessInitializeOnLoadAttributes (1924ms)
				ProcessInitializeOnLoadMethodAttributes (17ms)
				AfterProcessingInitializeOnLoad (7ms)
				EditorAssembliesLoaded (0ms)
			ExecutionOrderSort2 (0ms)
			AwakeInstancesAfterBackupRestoration (31ms)
Platform modules already initialized, skipping
Switching build target platform(19) subTarget(0) extendedPlatform(0) -> platform(13) subTarget(537395200) extendedPlatform(0)
Refreshing native plugins compatible for Editor in 1.24 ms, found 3 plugins.
Preloading 0 native plugins for Editor in 0.00 ms.
Unloading 2189 Unused Serialized files (Serialized files now loaded: 0)
System memory in use before: 98.7 MB.
System memory in use after: 98.8 MB.

Unloading 29 unused Assets to reduce memory usage. Loaded Objects now: 2659.
Total: 15.989600 ms (FindLiveObjects: 0.918800 ms CreateObjectMapping: 0.446400 ms MarkObjects: 14.580100 ms  DeleteObjects: 0.041500 ms)

AssetImportParameters requested are different than current active one (requested -> active):
  custom:framework-win-MediaFoundation: 216162199b28c13a410421893ffa2e32 -> 
  custom:video-decoder-ogg-theora: a1e56fd34408186e4bbccfd4996cb3dc -> 
  custom:container-muxer-webm: aa71ff27fc2769a1b78a27578f13a17b -> 
  custom:container-demuxer-webm: 4f35f7cbe854078d1ac9338744f61a02 -> 
  custom:container-demuxer-ogg: 62fdf1f143b41e24485cea50d1cbac27 -> 
  custom:video-encoder-webm-vp8: eb34c28f22e8b96e1ab97ce403110664 -> 
  custom:video-codec-MediaFoundation-h265: 746d11721c4dcdbdad8f713fa42b33f4 -> 
  custom:video-decoder-webm-vp8: 9c59270c3fd7afecdb556c50c9e8de78 -> 
  custom:graphics/normal-map-encoding: 01000000000000000000000000000000 -> 02000000000000000000000000000000
  custom:audio-decoder-ogg-vorbis: bf7c407c2cedff20999df2af8eb42d56 -> 
  custom:audio-encoder-webm-vorbis: bf7c407c2cedff20999df2af8eb42d56 -> 
========================================================================
Received Import Request.
  Time since last request: 767.206309 seconds.
  path: Assets/LevelSelector.cs
  artifactKey: Guid(0e9eecf716a6be544b7dbbb5f7d428ef) Importer(815301076,1909f56bfc062723c751e8b465ee728b)
Start importing Assets/LevelSelector.cs using Guid(0e9eecf716a6be544b7dbbb5f7d428ef) Importer(815301076,1909f56bfc062723c751e8b465ee728b)  -> (artifact id: '34bde176074889a46576dc66fd8cf76b') in 0.096234 seconds 
  Import took 0.169010 seconds .

========================================================================
Received Import Request.
  Time since last request: 628.574820 seconds.
  path: Assets/Scenes/Gampang.unity
  artifactKey: Guid(1c202c0eb67483041836be7127884644) Importer(815301076,1909f56bfc062723c751e8b465ee728b)
Start importing Assets/Scenes/Gampang.unity using Guid(1c202c0eb67483041836be7127884644) Importer(815301076,1909f56bfc062723c751e8b465ee728b)  -> (artifact id: 'ec00ed69a6a60fde4edfd008d9d24f22') in 0.173724 seconds 
  Import took 0.329810 seconds .

========================================================================
Received Prepare
Registering precompiled user dll's ...
Registered in 0.079866 seconds.
Begin MonoManager ReloadAssembly
Native extension for WindowsStandalone target not found
Native extension for WebGL target not found
Refreshing native plugins compatible for Editor in 0.87 ms, found 3 plugins.
Preloading 0 native plugins for Editor in 0.00 ms.
Mono: successfully reloaded assembly
- Completed reload, in  5.004 seconds
Domain Reload Profiling:
	ReloadAssembly (5005ms)
		BeginReloadAssembly (273ms)
			ExecutionOrderSort (0ms)
			DisableScriptedObjects (19ms)
			BackupInstance (0ms)
			ReleaseScriptingObjects (0ms)
			CreateAndSetChildDomain (85ms)
		EndReloadAssembly (4364ms)
			LoadAssemblies (250ms)
			RebuildTransferFunctionScriptingTraits (0ms)
			SetupTypeCache (966ms)
			ReleaseScriptCaches (1ms)
			RebuildScriptCaches (255ms)
			SetupLoadedEditorAssemblies (1273ms)
				LogAssemblyErrors (0ms)
				InitializePlatformSupportModulesInManaged (9ms)
				SetLoadedEditorAssemblies (1ms)
				RefreshPlugins (1ms)
				BeforeProcessingInitializeOnLoad (149ms)
				ProcessInitializeOnLoadAttributes (844ms)
				ProcessInitializeOnLoadMethodAttributes (260ms)
				AfterProcessingInitializeOnLoad (10ms)
				EditorAssembliesLoaded (0ms)
			ExecutionOrderSort2 (0ms)
			AwakeInstancesAfterBackupRestoration (36ms)
Platform modules already initialized, skipping
Switching build target platform(19) subTarget(0) extendedPlatform(0) -> platform(13) subTarget(537395200) extendedPlatform(0)
Refreshing native plugins compatible for Editor in 1.25 ms, found 3 plugins.
Preloading 0 native plugins for Editor in 0.00 ms.
Unloading 2189 Unused Serialized files (Serialized files now loaded: 0)
System memory in use before: 98.7 MB.
System memory in use after: 98.8 MB.

Unloading 29 unused Assets to reduce memory usage. Loaded Objects now: 2663.
Total: 14.930400 ms (FindLiveObjects: 0.387100 ms CreateObjectMapping: 0.208100 ms MarkObjects: 3.702200 ms  DeleteObjects: 10.631000 ms)

AssetImportParameters requested are different than current active one (requested -> active):
  custom:framework-win-MediaFoundation: 216162199b28c13a410421893ffa2e32 -> 
  custom:video-decoder-ogg-theora: a1e56fd34408186e4bbccfd4996cb3dc -> 
  custom:container-muxer-webm: aa71ff27fc2769a1b78a27578f13a17b -> 
  custom:container-demuxer-webm: 4f35f7cbe854078d1ac9338744f61a02 -> 
  custom:container-demuxer-ogg: 62fdf1f143b41e24485cea50d1cbac27 -> 
  custom:video-encoder-webm-vp8: eb34c28f22e8b96e1ab97ce403110664 -> 
  custom:video-codec-MediaFoundation-h265: 746d11721c4dcdbdad8f713fa42b33f4 -> 
  custom:video-decoder-webm-vp8: 9c59270c3fd7afecdb556c50c9e8de78 -> 
  custom:graphics/normal-map-encoding: 01000000000000000000000000000000 -> 02000000000000000000000000000000
  custom:audio-decoder-ogg-vorbis: bf7c407c2cedff20999df2af8eb42d56 -> 
  custom:audio-encoder-webm-vorbis: bf7c407c2cedff20999df2af8eb42d56 -> 
========================================================================
Received Prepare
Registering precompiled user dll's ...
Registered in 0.004219 seconds.
Begin MonoManager ReloadAssembly
Native extension for WindowsStandalone target not found
Native extension for WebGL target not found
Refreshing native plugins compatible for Editor in 1.16 ms, found 3 plugins.
Preloading 0 native plugins for Editor in 0.00 ms.
Mono: successfully reloaded assembly
- Completed reload, in  6.705 seconds
Domain Reload Profiling:
	ReloadAssembly (6705ms)
		BeginReloadAssembly (630ms)
			ExecutionOrderSort (0ms)
			DisableScriptedObjects (11ms)
			BackupInstance (0ms)
			ReleaseScriptingObjects (0ms)
			CreateAndSetChildDomain (48ms)
		EndReloadAssembly (5950ms)
			LoadAssemblies (649ms)
			RebuildTransferFunctionScriptingTraits (0ms)
			SetupTypeCache (1456ms)
			ReleaseScriptCaches (2ms)
			RebuildScriptCaches (74ms)
			SetupLoadedEditorAssemblies (3298ms)
				LogAssemblyErrors (0ms)
				InitializePlatformSupportModulesInManaged (10ms)
				SetLoadedEditorAssemblies (1ms)
				RefreshPlugins (1ms)
				BeforeProcessingInitializeOnLoad (586ms)
				ProcessInitializeOnLoadAttributes (2679ms)
				ProcessInitializeOnLoadMethodAttributes (16ms)
				AfterProcessingInitializeOnLoad (5ms)
				EditorAssembliesLoaded (0ms)
			ExecutionOrderSort2 (0ms)
			AwakeInstancesAfterBackupRestoration (67ms)
Platform modules already initialized, skipping
Switching build target platform(19) subTarget(0) extendedPlatform(0) -> platform(13) subTarget(537395200) extendedPlatform(0)
Refreshing native plugins compatible for Editor in 0.86 ms, found 3 plugins.
Preloading 0 native plugins for Editor in 0.00 ms.
Unloading 2189 Unused Serialized files (Serialized files now loaded: 0)
System memory in use before: 98.7 MB.
System memory in use after: 98.9 MB.

Unloading 29 unused Assets to reduce memory usage. Loaded Objects now: 2667.
Total: 16.940600 ms (FindLiveObjects: 1.017500 ms CreateObjectMapping: 3.432400 ms MarkObjects: 12.324700 ms  DeleteObjects: 0.163000 ms)

AssetImportParameters requested are different than current active one (requested -> active):
  custom:framework-win-MediaFoundation: 216162199b28c13a410421893ffa2e32 -> 
  custom:video-decoder-ogg-theora: a1e56fd34408186e4bbccfd4996cb3dc -> 
  custom:container-muxer-webm: aa71ff27fc2769a1b78a27578f13a17b -> 
  custom:container-demuxer-webm: 4f35f7cbe854078d1ac9338744f61a02 -> 
  custom:container-demuxer-ogg: 62fdf1f143b41e24485cea50d1cbac27 -> 
  custom:video-encoder-webm-vp8: eb34c28f22e8b96e1ab97ce403110664 -> 
  custom:video-codec-MediaFoundation-h265: 746d11721c4dcdbdad8f713fa42b33f4 -> 
  custom:video-decoder-webm-vp8: 9c59270c3fd7afecdb556c50c9e8de78 -> 
  custom:graphics/normal-map-encoding: 01000000000000000000000000000000 -> 02000000000000000000000000000000
  custom:audio-decoder-ogg-vorbis: bf7c407c2cedff20999df2af8eb42d56 -> 
  custom:audio-encoder-webm-vorbis: bf7c407c2cedff20999df2af8eb42d56 -> 
========================================================================
Received Import Request.
  Time since last request: 158.421080 seconds.
  path: Assets/DifficultySelector.cs
  artifactKey: Guid(0e9eecf716a6be544b7dbbb5f7d428ef) Importer(815301076,1909f56bfc062723c751e8b465ee728b)
Start importing Assets/DifficultySelector.cs using Guid(0e9eecf716a6be544b7dbbb5f7d428ef) Importer(815301076,1909f56bfc062723c751e8b465ee728b)  -> (artifact id: '2ee55adc254568533fe8163e2f8e1ccb') in 0.042431 seconds 
  Import took 0.077031 seconds .

========================================================================
Received Prepare
Registering precompiled user dll's ...
Registered in 0.007196 seconds.
Begin MonoManager ReloadAssembly
Native extension for WindowsStandalone target not found
Native extension for WebGL target not found
Refreshing native plugins compatible for Editor in 0.83 ms, found 3 plugins.
Preloading 0 native plugins for Editor in 0.00 ms.
Mono: successfully reloaded assembly
- Completed reload, in  3.037 seconds
Domain Reload Profiling:
	ReloadAssembly (3038ms)
		BeginReloadAssembly (194ms)
			ExecutionOrderSort (0ms)
			DisableScriptedObjects (13ms)
			BackupInstance (0ms)
			ReleaseScriptingObjects (0ms)
			CreateAndSetChildDomain (81ms)
		EndReloadAssembly (2537ms)
			LoadAssemblies (224ms)
			RebuildTransferFunctionScriptingTraits (0ms)
			SetupTypeCache (750ms)
			ReleaseScriptCaches (1ms)
			RebuildScriptCaches (81ms)
			SetupLoadedEditorAssemblies (928ms)
				LogAssemblyErrors (0ms)
				InitializePlatformSupportModulesInManaged (14ms)
				SetLoadedEditorAssemblies (1ms)
				RefreshPlugins (1ms)
				BeforeProcessingInitializeOnLoad (153ms)
				ProcessInitializeOnLoadAttributes (747ms)
				ProcessInitializeOnLoadMethodAttributes (8ms)
				AfterProcessingInitializeOnLoad (4ms)
				EditorAssembliesLoaded (0ms)
			ExecutionOrderSort2 (0ms)
			AwakeInstancesAfterBackupRestoration (16ms)
Platform modules already initialized, skipping
Switching build target platform(19) subTarget(0) extendedPlatform(0) -> platform(13) subTarget(537395200) extendedPlatform(0)
Refreshing native plugins compatible for Editor in 1.33 ms, found 3 plugins.
Preloading 0 native plugins for Editor in 0.00 ms.
Unloading 2189 Unused Serialized files (Serialized files now loaded: 0)
System memory in use before: 98.7 MB.
System memory in use after: 98.9 MB.

Unloading 29 unused Assets to reduce memory usage. Loaded Objects now: 2671.
Total: 223.448000 ms (FindLiveObjects: 0.393100 ms CreateObjectMapping: 0.134000 ms MarkObjects: 222.865200 ms  DeleteObjects: 0.052900 ms)

AssetImportParameters requested are different than current active one (requested -> active):
  custom:framework-win-MediaFoundation: 216162199b28c13a410421893ffa2e32 -> 
  custom:video-decoder-ogg-theora: a1e56fd34408186e4bbccfd4996cb3dc -> 
  custom:container-muxer-webm: aa71ff27fc2769a1b78a27578f13a17b -> 
  custom:container-demuxer-webm: 4f35f7cbe854078d1ac9338744f61a02 -> 
  custom:container-demuxer-ogg: 62fdf1f143b41e24485cea50d1cbac27 -> 
  custom:video-encoder-webm-vp8: eb34c28f22e8b96e1ab97ce403110664 -> 
  custom:video-codec-MediaFoundation-h265: 746d11721c4dcdbdad8f713fa42b33f4 -> 
  custom:video-decoder-webm-vp8: 9c59270c3fd7afecdb556c50c9e8de78 -> 
  custom:graphics/normal-map-encoding: 01000000000000000000000000000000 -> 02000000000000000000000000000000
  custom:audio-decoder-ogg-vorbis: bf7c407c2cedff20999df2af8eb42d56 -> 
  custom:audio-encoder-webm-vorbis: bf7c407c2cedff20999df2af8eb42d56 -> 
========================================================================
Received Import Request.
  Time since last request: 197.867038 seconds.
  path: Assets/UI Component/Level Selection (Angel).png
  artifactKey: Guid(42624520c1beab44eb738d0dd082d187) Importer(815301076,1909f56bfc062723c751e8b465ee728b)
Start importing Assets/UI Component/Level Selection (Angel).png using Guid(42624520c1beab44eb738d0dd082d187) Importer(815301076,1909f56bfc062723c751e8b465ee728b)  -> (artifact id: '480de69a142087917ac16dad5a0de383') in 3.680539 seconds 
  Import took 3.719760 seconds .

========================================================================
Received Import Request.
  Time since last request: 0.000617 seconds.
  path: Assets/UI Component/Rectangle 30.png
  artifactKey: Guid(ab7a315c9eb8e2a4caa37f7ab29f9d32) Importer(815301076,1909f56bfc062723c751e8b465ee728b)
Start importing Assets/UI Component/Rectangle 30.png using Guid(ab7a315c9eb8e2a4caa37f7ab29f9d32) Importer(815301076,1909f56bfc062723c751e8b465ee728b)  -> (artifact id: '1483bd4b57eb415ceef0b4349d62fc95') in 0.239696 seconds 
  Import took 0.333552 seconds .

========================================================================
Received Import Request.
  Time since last request: 0.000499 seconds.
  path: Assets/UI Component/Level Selection (Gampang).png
  artifactKey: Guid(67b231f19500ce0448cf74ec65afc2ac) Importer(815301076,1909f56bfc062723c751e8b465ee728b)
Start importing Assets/UI Component/Level Selection (Gampang).png using Guid(67b231f19500ce0448cf74ec65afc2ac) Importer(815301076,1909f56bfc062723c751e8b465ee728b)  -> (artifact id: '7b4997c5c838c931dc7eb7a9739c9b45') in 1.041425 seconds 
  Import took 1.653169 seconds .

========================================================================
Received Import Request.
  Time since last request: 0.009696 seconds.
  path: Assets/UI Component/Level Selection (Sedang).png
  artifactKey: Guid(b5c79ee143841494b956533b456cf2d5) Importer(815301076,1909f56bfc062723c751e8b465ee728b)
Start importing Assets/UI Component/Level Selection (Sedang).png using Guid(b5c79ee143841494b956533b456cf2d5) Importer(815301076,1909f56bfc062723c751e8b465ee728b)  -> (artifact id: '95d84612eb04dea331c198b09e786c94') in 1.440361 seconds 
  Import took 1.450612 seconds .

========================================================================
Received Import Request.
  Time since last request: 46.044112 seconds.
  path: Assets/Scenes/Sedang.unity
  artifactKey: Guid(05d20bee4dbe04444bdfc78a9746ed45) Importer(815301076,1909f56bfc062723c751e8b465ee728b)
Start importing Assets/Scenes/Sedang.unity using Guid(05d20bee4dbe04444bdfc78a9746ed45) Importer(815301076,1909f56bfc062723c751e8b465ee728b)  -> (artifact id: '31d85988dbd55a3b45d624d9a5c50870') in 0.032720 seconds 
  Import took 0.049527 seconds .

========================================================================
Received Import Request.
  Time since last request: 32.926583 seconds.
  path: Assets/Scenes/Angel.unity
  artifactKey: Guid(7661a8054f8268d47b3edd6fddc2d12f) Importer(815301076,1909f56bfc062723c751e8b465ee728b)
Start importing Assets/Scenes/Angel.unity using Guid(7661a8054f8268d47b3edd6fddc2d12f) Importer(815301076,1909f56bfc062723c751e8b465ee728b)  -> (artifact id: 'd6b8188d6b9ba1c27c70b4ecab75198d') in 0.368482 seconds 
  Import took 0.675330 seconds .

========================================================================
Received Import Request.
  Time since last request: 21.494317 seconds.
  path: Assets/Scenes/Difficulty.unity
  artifactKey: Guid(d3fe97ffd4480744995ba1fd53604dc8) Importer(815301076,1909f56bfc062723c751e8b465ee728b)
Start importing Assets/Scenes/Difficulty.unity using Guid(d3fe97ffd4480744995ba1fd53604dc8) Importer(815301076,1909f56bfc062723c751e8b465ee728b)  -> (artifact id: 'f6dfb592d45fabee4da18bb103e33f8b') in 0.005258 seconds 
  Import took 0.066252 seconds .

========================================================================
Received Import Request.
  Time since last request: 9.484504 seconds.
  path: Assets/Scenes/Sedang.unity
  artifactKey: Guid(05d20bee4dbe04444bdfc78a9746ed45) Importer(815301076,1909f56bfc062723c751e8b465ee728b)
Start importing Assets/Scenes/Sedang.unity using Guid(05d20bee4dbe04444bdfc78a9746ed45) Importer(815301076,1909f56bfc062723c751e8b465ee728b)  -> (artifact id: '54a9e7a2bc3534b9c0cb49dd1d2f8c1e') in 0.006455 seconds 
  Import took 0.054005 seconds .

========================================================================
Received Import Request.
  Time since last request: 0.709251 seconds.
  path: Assets/Scenes/Gampang.unity
  artifactKey: Guid(1c202c0eb67483041836be7127884644) Importer(815301076,1909f56bfc062723c751e8b465ee728b)
Start importing Assets/Scenes/Gampang.unity using Guid(1c202c0eb67483041836be7127884644) Importer(815301076,1909f56bfc062723c751e8b465ee728b)  -> (artifact id: 'd82e990c85854a8c6d55bf4147a39415') in 0.004514 seconds 
  Import took 0.053900 seconds .

========================================================================
Received Import Request.
  Time since last request: 13.906055 seconds.
  path: Assets/Scenes/Angel.unity
  artifactKey: Guid(7661a8054f8268d47b3edd6fddc2d12f) Importer(815301076,1909f56bfc062723c751e8b465ee728b)
Start importing Assets/Scenes/Angel.unity using Guid(7661a8054f8268d47b3edd6fddc2d12f) Importer(815301076,1909f56bfc062723c751e8b465ee728b)  -> (artifact id: '22c972dd685cda82f8d45af815ae78bb') in 0.007755 seconds 
  Import took 0.283838 seconds .

========================================================================
Received Import Request.
  Time since last request: 12.086086 seconds.
  path: Assets/Scenes/Gampang.unity
  artifactKey: Guid(1c202c0eb67483041836be7127884644) Importer(815301076,1909f56bfc062723c751e8b465ee728b)
Start importing Assets/Scenes/Gampang.unity using Guid(1c202c0eb67483041836be7127884644) Importer(815301076,1909f56bfc062723c751e8b465ee728b)  -> (artifact id: '29d11e50940522825843bda0a336f345') in 0.006369 seconds 
  Import took 0.040010 seconds .

========================================================================
Received Prepare
Registering precompiled user dll's ...
Registered in 0.007458 seconds.
Begin MonoManager ReloadAssembly
Native extension for WindowsStandalone target not found
Native extension for WebGL target not found
Refreshing native plugins compatible for Editor in 1.08 ms, found 3 plugins.
Preloading 0 native plugins for Editor in 0.00 ms.
Mono: successfully reloaded assembly
- Completed reload, in  8.049 seconds
Domain Reload Profiling:
	ReloadAssembly (8050ms)
		BeginReloadAssembly (588ms)
			ExecutionOrderSort (0ms)
			DisableScriptedObjects (13ms)
			BackupInstance (0ms)
			ReleaseScriptingObjects (0ms)
			CreateAndSetChildDomain (110ms)
		EndReloadAssembly (7350ms)
			LoadAssemblies (897ms)
			RebuildTransferFunctionScriptingTraits (0ms)
			SetupTypeCache (1612ms)
			ReleaseScriptCaches (4ms)
			RebuildScriptCaches (642ms)
			SetupLoadedEditorAssemblies (3390ms)
				LogAssemblyErrors (0ms)
				InitializePlatformSupportModulesInManaged (23ms)
				SetLoadedEditorAssemblies (1ms)
				RefreshPlugins (1ms)
				BeforeProcessingInitializeOnLoad (909ms)
				ProcessInitializeOnLoadAttributes (1917ms)
				ProcessInitializeOnLoadMethodAttributes (531ms)
				AfterProcessingInitializeOnLoad (8ms)
				EditorAssembliesLoaded (0ms)
			ExecutionOrderSort2 (0ms)
			AwakeInstancesAfterBackupRestoration (35ms)
Platform modules already initialized, skipping
Switching build target platform(19) subTarget(0) extendedPlatform(0) -> platform(13) subTarget(537395200) extendedPlatform(0)
Refreshing native plugins compatible for Editor in 1.30 ms, found 3 plugins.
Preloading 0 native plugins for Editor in 0.00 ms.
Unloading 2189 Unused Serialized files (Serialized files now loaded: 0)
System memory in use before: 98.8 MB.
System memory in use after: 98.9 MB.

Unloading 29 unused Assets to reduce memory usage. Loaded Objects now: 2678.
Total: 8.100800 ms (FindLiveObjects: 0.687600 ms CreateObjectMapping: 0.261500 ms MarkObjects: 7.097500 ms  DeleteObjects: 0.051300 ms)

AssetImportParameters requested are different than current active one (requested -> active):
  custom:framework-win-MediaFoundation: 216162199b28c13a410421893ffa2e32 -> 
  custom:video-decoder-ogg-theora: a1e56fd34408186e4bbccfd4996cb3dc -> 
  custom:container-muxer-webm: aa71ff27fc2769a1b78a27578f13a17b -> 
  custom:container-demuxer-webm: 4f35f7cbe854078d1ac9338744f61a02 -> 
  custom:container-demuxer-ogg: 62fdf1f143b41e24485cea50d1cbac27 -> 
  custom:video-encoder-webm-vp8: eb34c28f22e8b96e1ab97ce403110664 -> 
  custom:video-codec-MediaFoundation-h265: 746d11721c4dcdbdad8f713fa42b33f4 -> 
  custom:video-decoder-webm-vp8: 9c59270c3fd7afecdb556c50c9e8de78 -> 
  custom:graphics/normal-map-encoding: 01000000000000000000000000000000 -> 02000000000000000000000000000000
  custom:audio-decoder-ogg-vorbis: bf7c407c2cedff20999df2af8eb42d56 -> 
  custom:audio-encoder-webm-vorbis: bf7c407c2cedff20999df2af8eb42d56 -> 
========================================================================
Received Prepare
Registering precompiled user dll's ...
Registered in 0.088217 seconds.
Begin MonoManager ReloadAssembly
Native extension for WindowsStandalone target not found
Native extension for WebGL target not found
Refreshing native plugins compatible for Editor in 2.38 ms, found 3 plugins.
Preloading 0 native plugins for Editor in 0.00 ms.
Mono: successfully reloaded assembly
- Completed reload, in  6.649 seconds
Domain Reload Profiling:
	ReloadAssembly (6650ms)
		BeginReloadAssembly (426ms)
			ExecutionOrderSort (0ms)
			DisableScriptedObjects (11ms)
			BackupInstance (0ms)
			ReleaseScriptingObjects (0ms)
			CreateAndSetChildDomain (64ms)
		EndReloadAssembly (6097ms)
			LoadAssemblies (2869ms)
			RebuildTransferFunctionScriptingTraits (0ms)
			SetupTypeCache (1212ms)
			ReleaseScriptCaches (1ms)
			RebuildScriptCaches (70ms)
			SetupLoadedEditorAssemblies (1482ms)
				LogAssemblyErrors (0ms)
				InitializePlatformSupportModulesInManaged (26ms)
				SetLoadedEditorAssemblies (4ms)
				RefreshPlugins (3ms)
				BeforeProcessingInitializeOnLoad (494ms)
				ProcessInitializeOnLoadAttributes (936ms)
				ProcessInitializeOnLoadMethodAttributes (10ms)
				AfterProcessingInitializeOnLoad (9ms)
				EditorAssembliesLoaded (0ms)
			ExecutionOrderSort2 (0ms)
			AwakeInstancesAfterBackupRestoration (56ms)
Platform modules already initialized, skipping
Switching build target platform(19) subTarget(0) extendedPlatform(0) -> platform(13) subTarget(537395200) extendedPlatform(0)
Refreshing native plugins compatible for Editor in 1.26 ms, found 3 plugins.
Preloading 0 native plugins for Editor in 0.00 ms.
Unloading 2189 Unused Serialized files (Serialized files now loaded: 0)
System memory in use before: 98.8 MB.
System memory in use after: 98.9 MB.

Unloading 29 unused Assets to reduce memory usage. Loaded Objects now: 2682.
Total: 6.381700 ms (FindLiveObjects: 0.328000 ms CreateObjectMapping: 0.179600 ms MarkObjects: 5.828000 ms  DeleteObjects: 0.044000 ms)

AssetImportParameters requested are different than current active one (requested -> active):
  custom:framework-win-MediaFoundation: 216162199b28c13a410421893ffa2e32 -> 
  custom:video-decoder-ogg-theora: a1e56fd34408186e4bbccfd4996cb3dc -> 
  custom:container-muxer-webm: aa71ff27fc2769a1b78a27578f13a17b -> 
  custom:container-demuxer-webm: 4f35f7cbe854078d1ac9338744f61a02 -> 
  custom:container-demuxer-ogg: 62fdf1f143b41e24485cea50d1cbac27 -> 
  custom:video-encoder-webm-vp8: eb34c28f22e8b96e1ab97ce403110664 -> 
  custom:video-codec-MediaFoundation-h265: 746d11721c4dcdbdad8f713fa42b33f4 -> 
  custom:video-decoder-webm-vp8: 9c59270c3fd7afecdb556c50c9e8de78 -> 
  custom:graphics/normal-map-encoding: 01000000000000000000000000000000 -> 02000000000000000000000000000000
  custom:audio-decoder-ogg-vorbis: bf7c407c2cedff20999df2af8eb42d56 -> 
  custom:audio-encoder-webm-vorbis: bf7c407c2cedff20999df2af8eb42d56 -> 
========================================================================
Received Import Request.
  Time since last request: 183.142850 seconds.
  path: Assets/UI Component/Level Selection (Gampang).png
  artifactKey: Guid(67b231f19500ce0448cf74ec65afc2ac) Importer(815301076,1909f56bfc062723c751e8b465ee728b)
Start importing Assets/UI Component/Level Selection (Gampang).png using Guid(67b231f19500ce0448cf74ec65afc2ac) Importer(815301076,1909f56bfc062723c751e8b465ee728b)  -> (artifact id: '34d8bbb36979a0af9b794b51ea2521b2') in 0.266813 seconds 
  Import took 0.295217 seconds .

========================================================================
Received Import Request.
  Time since last request: 0.000545 seconds.
  path: Assets/UI Component/Level Selection (Sedang).png
  artifactKey: Guid(b5c79ee143841494b956533b456cf2d5) Importer(815301076,1909f56bfc062723c751e8b465ee728b)
Start importing Assets/UI Component/Level Selection (Sedang).png using Guid(b5c79ee143841494b956533b456cf2d5) Importer(815301076,1909f56bfc062723c751e8b465ee728b)  -> (artifact id: 'a4a07911461e93e349f98f59c3621dc2') in 0.120293 seconds 
  Import took 0.198487 seconds .

========================================================================
Received Import Request.
  Time since last request: 0.000437 seconds.
  path: Assets/UI Component/Level Selection (Angel).png
  artifactKey: Guid(42624520c1beab44eb738d0dd082d187) Importer(815301076,1909f56bfc062723c751e8b465ee728b)
Start importing Assets/UI Component/Level Selection (Angel).png using Guid(42624520c1beab44eb738d0dd082d187) Importer(815301076,1909f56bfc062723c751e8b465ee728b)  -> (artifact id: '9a9ed1c7cc2278ad9e5100ffcffa253a') in 0.138366 seconds 
  Import took 0.297879 seconds .

========================================================================
Received Import Request.
  Time since last request: 4.315983 seconds.
  path: Assets/Scenes/Angel.unity
  artifactKey: Guid(7661a8054f8268d47b3edd6fddc2d12f) Importer(815301076,1909f56bfc062723c751e8b465ee728b)
Start importing Assets/Scenes/Angel.unity using Guid(7661a8054f8268d47b3edd6fddc2d12f) Importer(815301076,1909f56bfc062723c751e8b465ee728b)  -> (artifact id: 'd41286c192a08ddd5bd577e09ae06222') in 0.092476 seconds 
  Import took 0.186340 seconds .

========================================================================
Received Import Request.
  Time since last request: 1.174587 seconds.
  path: Assets/Scenes/Sedang.unity
  artifactKey: Guid(05d20bee4dbe04444bdfc78a9746ed45) Importer(815301076,1909f56bfc062723c751e8b465ee728b)
Start importing Assets/Scenes/Sedang.unity using Guid(05d20bee4dbe04444bdfc78a9746ed45) Importer(815301076,1909f56bfc062723c751e8b465ee728b)  -> (artifact id: '9d84d2c66ac5c64eee306dda07e647aa') in 0.006114 seconds 
  Import took 0.074572 seconds .

========================================================================
Received Import Request.
  Time since last request: 111.680037 seconds.
  path: Assets/Scenes/Gampang.unity
  artifactKey: Guid(1c202c0eb67483041836be7127884644) Importer(815301076,1909f56bfc062723c751e8b465ee728b)
Start importing Assets/Scenes/Gampang.unity using Guid(1c202c0eb67483041836be7127884644) Importer(815301076,1909f56bfc062723c751e8b465ee728b)  -> (artifact id: '09a3c194b6c2da5e5ea2522f3bbb163c') in 0.010375 seconds 
  Import took 0.085915 seconds .

========================================================================
Received Import Request.
  Time since last request: 0.004085 seconds.
  path: Assets/Scenes/Gampang.unity
  artifactKey: Guid(1c202c0eb67483041836be7127884644) Importer(815301076,1909f56bfc062723c751e8b465ee728b)
Start importing Assets/Scenes/Gampang.unity using Guid(1c202c0eb67483041836be7127884644) Importer(815301076,1909f56bfc062723c751e8b465ee728b)  -> (artifact id: '09a3c194b6c2da5e5ea2522f3bbb163c') in 0.006803 seconds 
  Import took 0.061209 seconds .

========================================================================
Received Import Request.
  Time since last request: 102.280208 seconds.
  path: Assets/Scenes/Gampang.unity
  artifactKey: Guid(1c202c0eb67483041836be7127884644) Importer(815301076,1909f56bfc062723c751e8b465ee728b)
Start importing Assets/Scenes/Gampang.unity using Guid(1c202c0eb67483041836be7127884644) Importer(815301076,1909f56bfc062723c751e8b465ee728b)  -> (artifact id: 'ba94886f9489bb081fda49a721c16415') in 0.004187 seconds 
  Import took 0.018682 seconds .

========================================================================
Received Import Request.
  Time since last request: 221.656724 seconds.
  path: Assets/Scenes/Gampang.unity
  artifactKey: Guid(1c202c0eb67483041836be7127884644) Importer(815301076,1909f56bfc062723c751e8b465ee728b)
Start importing Assets/Scenes/Gampang.unity using Guid(1c202c0eb67483041836be7127884644) Importer(815301076,1909f56bfc062723c751e8b465ee728b)  -> (artifact id: 'cfee84cf05270a9e54a0cac0e6d8dcc9') in 0.007201 seconds 
  Import took 0.059131 seconds .

========================================================================
Received Import Request.
  Time since last request: 4.016913 seconds.
  path: Assets/Scenes/Sedang.unity
  artifactKey: Guid(05d20bee4dbe04444bdfc78a9746ed45) Importer(815301076,1909f56bfc062723c751e8b465ee728b)
Start importing Assets/Scenes/Sedang.unity using Guid(05d20bee4dbe04444bdfc78a9746ed45) Importer(815301076,1909f56bfc062723c751e8b465ee728b)  -> (artifact id: '04bd46dc68577478f52a843e834b461a') in 0.009437 seconds 
  Import took 0.046133 seconds .

========================================================================
Received Import Request.
  Time since last request: 4.407019 seconds.
  path: Assets/Scenes/Angel.unity
  artifactKey: Guid(7661a8054f8268d47b3edd6fddc2d12f) Importer(815301076,1909f56bfc062723c751e8b465ee728b)
Start importing Assets/Scenes/Angel.unity using Guid(7661a8054f8268d47b3edd6fddc2d12f) Importer(815301076,1909f56bfc062723c751e8b465ee728b)  -> (artifact id: '904b077ebce8906973ad201adfb3607d') in 0.008264 seconds 
  Import took 0.130990 seconds .

========================================================================
Received Prepare
Registering precompiled user dll's ...
Registered in 0.004376 seconds.
Begin MonoManager ReloadAssembly
Native extension for WindowsStandalone target not found
Native extension for WebGL target not found
Refreshing native plugins compatible for Editor in 0.74 ms, found 3 plugins.
Preloading 0 native plugins for Editor in 0.00 ms.
Mono: successfully reloaded assembly
- Completed reload, in  3.475 seconds
Domain Reload Profiling:
	ReloadAssembly (3475ms)
		BeginReloadAssembly (194ms)
			ExecutionOrderSort (0ms)
			DisableScriptedObjects (11ms)
			BackupInstance (0ms)
			ReleaseScriptingObjects (0ms)
			CreateAndSetChildDomain (71ms)
		EndReloadAssembly (2906ms)
			LoadAssemblies (167ms)
			RebuildTransferFunctionScriptingTraits (0ms)
			SetupTypeCache (1063ms)
			ReleaseScriptCaches (1ms)
			RebuildScriptCaches (71ms)
			SetupLoadedEditorAssemblies (1041ms)
				LogAssemblyErrors (0ms)
				InitializePlatformSupportModulesInManaged (8ms)
				SetLoadedEditorAssemblies (1ms)
				RefreshPlugins (1ms)
				BeforeProcessingInitializeOnLoad (140ms)
				ProcessInitializeOnLoadAttributes (871ms)
				ProcessInitializeOnLoadMethodAttributes (12ms)
				AfterProcessingInitializeOnLoad (7ms)
				EditorAssembliesLoaded (0ms)
			ExecutionOrderSort2 (0ms)
			AwakeInstancesAfterBackupRestoration (52ms)
Platform modules already initialized, skipping
Switching build target platform(19) subTarget(0) extendedPlatform(0) -> platform(13) subTarget(537395200) extendedPlatform(0)
Refreshing native plugins compatible for Editor in 1.30 ms, found 3 plugins.
Preloading 0 native plugins for Editor in 0.00 ms.
Unloading 2189 Unused Serialized files (Serialized files now loaded: 0)
System memory in use before: 99.0 MB.
System memory in use after: 99.1 MB.

Unloading 29 unused Assets to reduce memory usage. Loaded Objects now: 2687.
Total: 6.891000 ms (FindLiveObjects: 0.353300 ms CreateObjectMapping: 0.123400 ms MarkObjects: 6.369900 ms  DeleteObjects: 0.042400 ms)

AssetImportParameters requested are different than current active one (requested -> active):
  custom:framework-win-MediaFoundation: 216162199b28c13a410421893ffa2e32 -> 
  custom:video-decoder-ogg-theora: a1e56fd34408186e4bbccfd4996cb3dc -> 
  custom:container-muxer-webm: aa71ff27fc2769a1b78a27578f13a17b -> 
  custom:container-demuxer-webm: 4f35f7cbe854078d1ac9338744f61a02 -> 
  custom:container-demuxer-ogg: 62fdf1f143b41e24485cea50d1cbac27 -> 
  custom:video-encoder-webm-vp8: eb34c28f22e8b96e1ab97ce403110664 -> 
  custom:video-codec-MediaFoundation-h265: 746d11721c4dcdbdad8f713fa42b33f4 -> 
  custom:video-decoder-webm-vp8: 9c59270c3fd7afecdb556c50c9e8de78 -> 
  custom:graphics/normal-map-encoding: 01000000000000000000000000000000 -> 02000000000000000000000000000000
  custom:audio-decoder-ogg-vorbis: bf7c407c2cedff20999df2af8eb42d56 -> 
  custom:audio-encoder-webm-vorbis: bf7c407c2cedff20999df2af8eb42d56 -> 
========================================================================
Received Import Request.
  Time since last request: 202.534657 seconds.
  path: Assets/DifficultySelector.cs
  artifactKey: Guid(0e9eecf716a6be544b7dbbb5f7d428ef) Importer(815301076,1909f56bfc062723c751e8b465ee728b)
Start importing Assets/DifficultySelector.cs using Guid(0e9eecf716a6be544b7dbbb5f7d428ef) Importer(815301076,1909f56bfc062723c751e8b465ee728b)  -> (artifact id: 'cb5f8026525e3b127e397bdf0d071b05') in 0.023366 seconds 
  Import took 0.055551 seconds .

========================================================================
Received Import Request.
  Time since last request: 23.538893 seconds.
  path: Assets/Scenes/Sedang.unity
  artifactKey: Guid(05d20bee4dbe04444bdfc78a9746ed45) Importer(815301076,1909f56bfc062723c751e8b465ee728b)
Start importing Assets/Scenes/Sedang.unity using Guid(05d20bee4dbe04444bdfc78a9746ed45) Importer(815301076,1909f56bfc062723c751e8b465ee728b)  -> (artifact id: '9b9e70df1b4c5f9ae92fc5492ccca99d') in 0.023107 seconds 
  Import took 0.028970 seconds .

========================================================================
Received Import Request.
  Time since last request: 23.793034 seconds.
  path: Assets/Scenes/Gampang.unity
  artifactKey: Guid(1c202c0eb67483041836be7127884644) Importer(815301076,1909f56bfc062723c751e8b465ee728b)
Start importing Assets/Scenes/Gampang.unity using Guid(1c202c0eb67483041836be7127884644) Importer(815301076,1909f56bfc062723c751e8b465ee728b)  -> (artifact id: '4b491e5023a19910c234ae706f6c138f') in 0.006199 seconds 
  Import took 0.061681 seconds .

========================================================================
Received Prepare
Registering precompiled user dll's ...
Registered in 0.032361 seconds.
Begin MonoManager ReloadAssembly
Native extension for WindowsStandalone target not found
Native extension for WebGL target not found
Refreshing native plugins compatible for Editor in 0.76 ms, found 3 plugins.
Preloading 0 native plugins for Editor in 0.00 ms.
Mono: successfully reloaded assembly
- Completed reload, in  3.457 seconds
Domain Reload Profiling:
	ReloadAssembly (3457ms)
		BeginReloadAssembly (338ms)
			ExecutionOrderSort (0ms)
			DisableScriptedObjects (10ms)
			BackupInstance (0ms)
			ReleaseScriptingObjects (0ms)
			CreateAndSetChildDomain (61ms)
		EndReloadAssembly (2975ms)
			LoadAssemblies (351ms)
			RebuildTransferFunctionScriptingTraits (0ms)
			SetupTypeCache (1079ms)
			ReleaseScriptCaches (1ms)
			RebuildScriptCaches (84ms)
			SetupLoadedEditorAssemblies (1097ms)
				LogAssemblyErrors (0ms)
				InitializePlatformSupportModulesInManaged (8ms)
				SetLoadedEditorAssemblies (1ms)
				RefreshPlugins (1ms)
				BeforeProcessingInitializeOnLoad (167ms)
				ProcessInitializeOnLoadAttributes (906ms)
				ProcessInitializeOnLoadMethodAttributes (9ms)
				AfterProcessingInitializeOnLoad (4ms)
				EditorAssembliesLoaded (0ms)
			ExecutionOrderSort2 (0ms)
			AwakeInstancesAfterBackupRestoration (17ms)
Platform modules already initialized, skipping
Switching build target platform(19) subTarget(0) extendedPlatform(0) -> platform(13) subTarget(537395200) extendedPlatform(0)
Refreshing native plugins compatible for Editor in 1.28 ms, found 3 plugins.
Preloading 0 native plugins for Editor in 0.00 ms.
Unloading 2189 Unused Serialized files (Serialized files now loaded: 0)
System memory in use before: 99.0 MB.
System memory in use after: 99.1 MB.

Unloading 29 unused Assets to reduce memory usage. Loaded Objects now: 2691.
Total: 6.494400 ms (FindLiveObjects: 0.498100 ms CreateObjectMapping: 0.228000 ms MarkObjects: 5.724000 ms  DeleteObjects: 0.042300 ms)

AssetImportParameters requested are different than current active one (requested -> active):
  custom:framework-win-MediaFoundation: 216162199b28c13a410421893ffa2e32 -> 
  custom:video-decoder-ogg-theora: a1e56fd34408186e4bbccfd4996cb3dc -> 
  custom:container-muxer-webm: aa71ff27fc2769a1b78a27578f13a17b -> 
  custom:container-demuxer-webm: 4f35f7cbe854078d1ac9338744f61a02 -> 
  custom:container-demuxer-ogg: 62fdf1f143b41e24485cea50d1cbac27 -> 
  custom:video-encoder-webm-vp8: eb34c28f22e8b96e1ab97ce403110664 -> 
  custom:video-codec-MediaFoundation-h265: 746d11721c4dcdbdad8f713fa42b33f4 -> 
  custom:video-decoder-webm-vp8: 9c59270c3fd7afecdb556c50c9e8de78 -> 
  custom:graphics/normal-map-encoding: 01000000000000000000000000000000 -> 02000000000000000000000000000000
  custom:audio-decoder-ogg-vorbis: bf7c407c2cedff20999df2af8eb42d56 -> 
  custom:audio-encoder-webm-vorbis: bf7c407c2cedff20999df2af8eb42d56 -> 
AssetImportWorkerClient::OnTransportError - code=2 error=End of file
